<?xml version="1.0" encoding="UTF-8"?>
<!-- Generated by org.testng.reporters.JUnitReportReporter -->
<testsuite hostname="Bo" failures="0" tests="3" name="NewTest" time="9.140" errors="0" timestamp="2021-02-19T16:45:39 EST" skipped="0">
  <testcase classname="NewTest" name="Test1" time="7.492"/>
  <system-out/>
  <testcase classname="NewTest" name="Test2" time="1.351"/>
  <system-out/>
  <testcase classname="NewTest" name="Test3" time="0.297"/>
  <system-out/>
</testsuite> <!-- NewTest -->
