<?xml version="1.0" encoding="UTF-8"?>
<!-- Generated by org.testng.reporters.JUnitReportReporter -->
<testsuite hostname="Bo" failures="0" tests="3" name="TradeRevTest" time="8.376" errors="0" timestamp="2021-02-19T19:45:38 EST" skipped="0">
  <testcase classname="TradeRevTest" name="Scenario1" time="5.594"/>
  <system-out/>
  <testcase classname="TradeRevTest" name="Scenario2" time="1.341"/>
  <system-out/>
  <testcase classname="TradeRevTest" name="Scenario3" time="1.441"/>
  <system-out>
"Total Available jobs for scenario 3 is: " + locationlabels.size()  </system-out>
</testsuite> <!-- TradeRevTest -->
